<?xml version="1.0" encoding="UTF-8"?>
<robot generator="Robot 5.0 (Python 3.10.4 on win32)" generated="20220607 23:40:45.918" rpa="false" schemaversion="3">
<suite id="s1" name="TestCases" source="D:\AMAzon\Test\TestCases.robot">
<kw name="Open Amazon Website" library="Instructions" type="SETUP">
<kw name="Open Browser" library="SeleniumLibrary">
<arg>${Url}</arg>
<arg>${Browser}</arg>
<doc>Opens a new browser instance to the optional ``url``.</doc>
<msg timestamp="20220607 23:40:46.462" level="INFO">Opening browser 'gc' to base url 'https://www.amazon.in/'.</msg>
<status status="PASS" starttime="20220607 23:40:46.462" endtime="20220607 23:40:50.123"/>
</kw>
<kw name="Maximize Browser Window" library="SeleniumLibrary">
<doc>Maximizes current browser window.</doc>
<status status="PASS" starttime="20220607 23:40:50.123" endtime="20220607 23:40:50.613"/>
</kw>
<status status="PASS" starttime="20220607 23:40:46.462" endtime="20220607 23:40:50.613"/>
</kw>
<test id="s1-t1" name="User Should Be Able To Fetch The Data From The Table" line="19">
<kw name="Given User Clicks On Fashion Option" library="Instructions">
<kw name="Click Link" library="SeleniumLibrary">
<arg>${Fashion}</arg>
<doc>Clicks a link identified by ``locator``.</doc>
<msg timestamp="20220607 23:40:50.616" level="INFO">Clicking link 'xpath://a[contains(text(),'Fashion')]'.</msg>
<status status="PASS" starttime="20220607 23:40:50.616" endtime="20220607 23:40:53.250"/>
</kw>
<status status="PASS" starttime="20220607 23:40:50.615" endtime="20220607 23:40:53.250"/>
</kw>
<kw name="Then User Searches For Item" library="Instructions">
<kw name="Input Text" library="SeleniumLibrary">
<arg>${Searchbar}</arg>
<arg>${jeans}</arg>
<doc>Types the given ``text`` into the text field identified by ``locator``.</doc>
<msg timestamp="20220607 23:40:53.253" level="INFO">Typing text 'Ben Martin Men's Relaxed Jeans' into text field 'xpath://*[@id='twotabsearchtextbox']'.</msg>
<status status="PASS" starttime="20220607 23:40:53.252" endtime="20220607 23:40:53.654"/>
</kw>
<kw name="Click Element" library="SeleniumLibrary">
<arg>${SearchButton}</arg>
<doc>Click the element identified by ``locator``.</doc>
<msg timestamp="20220607 23:40:53.659" level="INFO">Clicking element 'xpath://*[@id='nav-search-submit-button']'.</msg>
<status status="PASS" starttime="20220607 23:40:53.654" endtime="20220607 23:40:56.589"/>
</kw>
<status status="PASS" starttime="20220607 23:40:53.250" endtime="20220607 23:40:56.589"/>
</kw>
<kw name="Then User Should Be Able To Click On The Particular Item" library="Instructions">
<kw name="Scroll Element Into View" library="SeleniumLibrary">
<arg>${clickelement}</arg>
<doc>Scrolls the element identified by ``locator`` into view.</doc>
<status status="PASS" starttime="20220607 23:40:56.590" endtime="20220607 23:40:57.006"/>
</kw>
<kw name="Click Link" library="SeleniumLibrary">
<arg>${clickelement}</arg>
<doc>Clicks a link identified by ``locator``.</doc>
<msg timestamp="20220607 23:40:57.007" level="INFO">Clicking link 'xpath:(//a[@class='a-link-normal s-underline-text s-underline-link-text s-link-style a-text-normal'])[1]'.</msg>
<status status="PASS" starttime="20220607 23:40:57.006" endtime="20220607 23:40:57.476"/>
</kw>
<status status="PASS" starttime="20220607 23:40:56.590" endtime="20220607 23:40:57.476"/>
</kw>
<kw name="Then User Clicks On Size Chart" library="Instructions">
<kw name="Switch Window" library="SeleniumLibrary">
<arg>New</arg>
<doc>Switches to browser window matching ``locator``.</doc>
<status status="PASS" starttime="20220607 23:40:57.477" endtime="20220607 23:40:57.491"/>
</kw>
<kw name="Scroll Element Into View" library="SeleniumLibrary">
<arg>${Sizechart}</arg>
<doc>Scrolls the element identified by ``locator`` into view.</doc>
<status status="PASS" starttime="20220607 23:40:57.491" endtime="20220607 23:41:02.939"/>
</kw>
<kw name="Click Element" library="SeleniumLibrary">
<arg>${Sizechart}</arg>
<doc>Click the element identified by ``locator``.</doc>
<msg timestamp="20220607 23:41:02.941" level="INFO">Clicking element 'xpath://span[@class='a-size-small']'.</msg>
<status status="PASS" starttime="20220607 23:41:02.940" endtime="20220607 23:41:03.811"/>
</kw>
<status status="PASS" starttime="20220607 23:40:57.477" endtime="20220607 23:41:03.811"/>
</kw>
<kw name="Then User Must Be Able To Fetch Data From Table" library="Instructions">
<kw name="Get Text" library="SeleniumLibrary">
<var>${Data}</var>
<arg>xpath://table[@id='fit-sizechartv2-0-table-0']//tr[4]//td[5]</arg>
<doc>Returns the text value of the element identified by ``locator``.</doc>
<msg timestamp="20220607 23:41:03.908" level="INFO">${Data} = 10</msg>
<status status="PASS" starttime="20220607 23:41:03.823" endtime="20220607 23:41:03.908"/>
</kw>
<kw name="Log To Console" library="BuiltIn">
<arg>${Data}</arg>
<doc>Logs the given message to the console.</doc>
<status status="PASS" starttime="20220607 23:41:03.908" endtime="20220607 23:41:03.908"/>
</kw>
<status status="PASS" starttime="20220607 23:41:03.815" endtime="20220607 23:41:03.908"/>
</kw>
<tag>Second</tag>
<status status="PASS" starttime="20220607 23:40:50.613" endtime="20220607 23:41:03.908"/>
</test>
<status status="PASS" starttime="20220607 23:40:45.922" endtime="20220607 23:41:03.908"/>
</suite>
<statistics>
<total>
<stat pass="1" fail="0" skip="0">All Tests</stat>
</total>
<tag>
<stat pass="1" fail="0" skip="0">Second</stat>
</tag>
<suite>
<stat pass="1" fail="0" skip="0" id="s1" name="TestCases">TestCases</stat>
</suite>
</statistics>
<errors>
</errors>
</robot>
